c:\users\luca\source\repos\neuralnetcuda\neuralnetcuda\x64\debug\kernel.cu.obj
c:\users\luca\source\repos\neuralnetcuda\neuralnetcuda\x64\debug\nmath.cu.obj
c:\users\luca\source\repos\neuralnetcuda\neuralnetcuda\x64\debug\imageloader.cu.obj
c:\users\luca\source\repos\neuralnetcuda\neuralnetcuda\x64\debug\main.cu.obj
c:\users\luca\source\repos\neuralnetcuda\neuralnetcuda\x64\debug\neuralnet.cu.obj
c:\users\luca\source\repos\neuralnetcuda\neuralnetcuda\x64\debug\neuralnetcuda.ilk
c:\users\luca\source\repos\neuralnetcuda\x64\debug\neuralnetcuda.exe
c:\users\luca\source\repos\neuralnetcuda\x64\debug\neuralnetcuda.pdb
c:\users\luca\source\repos\neuralnetcuda\x64\debug\neuralnetcuda.lib
c:\users\luca\source\repos\neuralnetcuda\x64\debug\neuralnetcuda.exp
c:\users\luca\source\repos\neuralnetcuda\neuralnetcuda\x64\debug\imageloader.cu.cache
c:\users\luca\source\repos\neuralnetcuda\neuralnetcuda\x64\debug\kernel.cu.cache
c:\users\luca\source\repos\neuralnetcuda\neuralnetcuda\x64\debug\main.cu.cache
c:\users\luca\source\repos\neuralnetcuda\neuralnetcuda\x64\debug\neuralnet.cu.cache
c:\users\luca\source\repos\neuralnetcuda\neuralnetcuda\x64\debug\nmath.cu.cache
c:\users\luca\source\repos\neuralnetcuda\neuralnetcuda\x64\debug\vc143.pdb
c:\users\luca\source\repos\neuralnetcuda\neuralnetcuda\x64\debug\neuralnetcuda.tlog\cudacompile.read.1u.tlog
c:\users\luca\source\repos\neuralnetcuda\neuralnetcuda\x64\debug\neuralnetcuda.tlog\cudacompile.write.1u.tlog
c:\users\luca\source\repos\neuralnetcuda\neuralnetcuda\x64\debug\neuralnetcuda.tlog\link.command.1.tlog
c:\users\luca\source\repos\neuralnetcuda\neuralnetcuda\x64\debug\neuralnetcuda.tlog\link.read.1.tlog
c:\users\luca\source\repos\neuralnetcuda\neuralnetcuda\x64\debug\neuralnetcuda.tlog\link.write.1.tlog
c:\users\luca\source\repos\neuralnetcuda\neuralnetcuda\x64\debug\neuralnetcuda.tlog\neuralnetcuda.write.1u.tlog
